Using pre-set license
Built from '2022.3/staging' branch; Version is '2022.3.7f1 (b16b3b16c7a0) revision 11627323'; Using compiler version '192829333'; Build Type 'Release'
OS: 'Windows 11  (10.0.22621) 64bit Core' Language: 'en' Physical Memory: 14188 MB
BatchMode: 1, IsHumanControllingUs: 0, StartBugReporterOnCrash: 0, Is64bit: 1, IsPro: 1

COMMAND LINE ARGUMENTS:
E:\IDE\Unity Editor\2022.3.7f1\Editor\Unity.exe
-adb2
-batchMode
-noUpm
-name
AssetImportWorker2
-projectPath
D:/Project/Unity/MapCreator/My project (1)
-logFile
Logs/AssetImportWorker2.log
-srvPort
50451
Successfully changed project path to: D:/Project/Unity/MapCreator/My project (1)
D:/Project/Unity/MapCreator/My project (1)
[UnityMemory] Configuration Parameters - Can be set up in boot.config
    "memorysetup-bucket-allocator-granularity=16"
    "memorysetup-bucket-allocator-bucket-count=8"
    "memorysetup-bucket-allocator-block-size=33554432"
    "memorysetup-bucket-allocator-block-count=8"
    "memorysetup-main-allocator-block-size=16777216"
    "memorysetup-thread-allocator-block-size=16777216"
    "memorysetup-gfx-main-allocator-block-size=16777216"
    "memorysetup-gfx-thread-allocator-block-size=16777216"
    "memorysetup-cache-allocator-block-size=4194304"
    "memorysetup-typetree-allocator-block-size=2097152"
    "memorysetup-profiler-bucket-allocator-granularity=16"
    "memorysetup-profiler-bucket-allocator-bucket-count=8"
    "memorysetup-profiler-bucket-allocator-block-size=33554432"
    "memorysetup-profiler-bucket-allocator-block-count=8"
    "memorysetup-profiler-allocator-block-size=16777216"
    "memorysetup-profiler-editor-allocator-block-size=1048576"
    "memorysetup-temp-allocator-size-main=16777216"
    "memorysetup-job-temp-allocator-block-size=2097152"
    "memorysetup-job-temp-allocator-block-size-background=1048576"
    "memorysetup-job-temp-allocator-reduction-small-platforms=262144"
    "memorysetup-allocator-temp-initial-block-size-main=262144"
    "memorysetup-allocator-temp-initial-block-size-worker=262144"
    "memorysetup-temp-allocator-size-background-worker=32768"
    "memorysetup-temp-allocator-size-job-worker=262144"
    "memorysetup-temp-allocator-size-preload-manager=33554432"
    "memorysetup-temp-allocator-size-nav-mesh-worker=65536"
    "memorysetup-temp-allocator-size-audio-worker=65536"
    "memorysetup-temp-allocator-size-cloud-worker=32768"
    "memorysetup-temp-allocator-size-gi-baking-worker=262144"
    "memorysetup-temp-allocator-size-gfx=262144"
Player connection [3092] Host "[IP] 192.168.1.25 [Port] 0 [Flags] 2 [Guid] 3986050573 [EditorId] 3986050573 [Version] 1048832 [Id] WindowsEditor(7,Joll_d-Laptop) [Debug] 1 [PackageName] WindowsEditor [ProjectName] Editor" joined multi-casting on [225.0.0.222:54997]...

Player connection [3092] Host "[IP] 192.168.1.25 [Port] 0 [Flags] 2 [Guid] 3986050573 [EditorId] 3986050573 [Version] 1048832 [Id] WindowsEditor(7,Joll_d-Laptop) [Debug] 1 [PackageName] WindowsEditor [ProjectName] Editor" joined alternative multi-casting on [225.0.0.222:34997]...

Refreshing native plugins compatible for Editor in 9.65 ms, found 3 plugins.
Preloading 0 native plugins for Editor in 0.00 ms.
Initialize engine version: 2022.3.7f1 (b16b3b16c7a0)
[Subsystems] Discovering subsystems at path E:/IDE/Unity Editor/2022.3.7f1/Editor/Data/Resources/UnitySubsystems
[Subsystems] Discovering subsystems at path D:/Project/Unity/MapCreator/My project (1)/Assets
GfxDevice: creating device client; threaded=0; jobified=0
Direct3D:
    Version:  Direct3D 11.0 [level 11.1]
    Renderer: NVIDIA GeForce RTX 3060 Laptop GPU (ID=0x2560)
    Vendor:   NVIDIA
    VRAM:     6009 MB
    Driver:   31.0.15.3118
Initialize mono
Mono path[0] = 'E:/IDE/Unity Editor/2022.3.7f1/Editor/Data/Managed'
Mono path[1] = 'E:/IDE/Unity Editor/2022.3.7f1/Editor/Data/MonoBleedingEdge/lib/mono/unityjit-win32'
Mono config path = 'E:/IDE/Unity Editor/2022.3.7f1/Editor/Data/MonoBleedingEdge/etc'
Using monoOptions --debugger-agent=transport=dt_socket,embedding=1,server=y,suspend=n,address=127.0.0.1:56780
Begin MonoManager ReloadAssembly
Registering precompiled unity dll's ...
Register platform support module: E:/IDE/Unity Editor/2022.3.7f1/Editor/Data/PlaybackEngines/WebGLSupport/UnityEditor.WebGL.Extensions.dll
Register platform support module: E:/IDE/Unity Editor/2022.3.7f1/Editor/Data/PlaybackEngines/WindowsStandaloneSupport/UnityEditor.WindowsStandalone.Extensions.dll
Registered in 0.005387 seconds.
- Loaded All Assemblies, in  0.371 seconds
Native extension for WindowsStandalone target not found
Native extension for WebGL target not found
Mono: successfully reloaded assembly
- Finished resetting the current domain, in  0.240 seconds
Domain Reload Profiling: 611ms
	BeginReloadAssembly (123ms)
		ExecutionOrderSort (0ms)
		DisableScriptedObjects (0ms)
		BackupInstance (0ms)
		ReleaseScriptingObjects (0ms)
		CreateAndSetChildDomain (1ms)
	RebuildCommonClasses (39ms)
	RebuildNativeTypeToScriptingClass (13ms)
	initialDomainReloadingComplete (49ms)
	LoadAllAssembliesAndSetupDomain (147ms)
		LoadAssemblies (122ms)
		RebuildTransferFunctionScriptingTraits (0ms)
		AnalyzeDomain (145ms)
			TypeCache.Refresh (144ms)
				TypeCache.ScanAssembly (128ms)
			ScanForSourceGeneratedMonoScriptInfo (0ms)
			ResolveRequiredComponents (0ms)
	FinalizeReload (240ms)
		ReleaseScriptCaches (0ms)
		RebuildScriptCaches (0ms)
		SetupLoadedEditorAssemblies (186ms)
			LogAssemblyErrors (0ms)
			InitializePlatformSupportModulesInManaged (9ms)
			SetLoadedEditorAssemblies (5ms)
			RefreshPlugins (0ms)
			BeforeProcessingInitializeOnLoad (2ms)
			ProcessInitializeOnLoadAttributes (120ms)
			ProcessInitializeOnLoadMethodAttributes (50ms)
			AfterProcessingInitializeOnLoad (0ms)
			EditorAssembliesLoaded (0ms)
		ExecutionOrderSort2 (0ms)
		AwakeInstancesAfterBackupRestoration (0ms)
========================================================================
Worker process is ready to serve import requests
Begin MonoManager ReloadAssembly
Symbol file LoadedFromMemory doesn't match image D:\Project\Unity\MapCreator\My project (1)\Library\PackageCache\com.unity.visualscripting@1.8.0\Editor\VisualScripting.Core\Dependencies\YamlDotNet\Unity.VisualScripting.YamlDotNet.dll
Symbol file LoadedFromMemory doesn't match image D:\Project\Unity\MapCreator\My project (1)\Library\PackageCache\com.unity.visualscripting@1.8.0\Editor\VisualScripting.Core\Dependencies\DotNetZip\Unity.VisualScripting.IonicZip.dll
Symbol file LoadedFromMemory is not a mono symbol file
- Loaded All Assemblies, in  0.608 seconds
Refreshing native plugins compatible for Editor in 2.58 ms, found 3 plugins.
Native extension for WindowsStandalone target not found
Native extension for WebGL target not found
Mono: successfully reloaded assembly
- Finished resetting the current domain, in  0.509 seconds
Domain Reload Profiling: 1116ms
	BeginReloadAssembly (165ms)
		ExecutionOrderSort (0ms)
		DisableScriptedObjects (5ms)
		BackupInstance (0ms)
		ReleaseScriptingObjects (0ms)
		CreateAndSetChildDomain (33ms)
	RebuildCommonClasses (29ms)
	RebuildNativeTypeToScriptingClass (9ms)
	initialDomainReloadingComplete (39ms)
	LoadAllAssembliesAndSetupDomain (365ms)
		LoadAssemblies (290ms)
		RebuildTransferFunctionScriptingTraits (0ms)
		AnalyzeDomain (161ms)
			TypeCache.Refresh (142ms)
				TypeCache.ScanAssembly (124ms)
			ScanForSourceGeneratedMonoScriptInfo (15ms)
			ResolveRequiredComponents (3ms)
	FinalizeReload (509ms)
		ReleaseScriptCaches (0ms)
		RebuildScriptCaches (0ms)
		SetupLoadedEditorAssemblies (370ms)
			LogAssemblyErrors (0ms)
			InitializePlatformSupportModulesInManaged (6ms)
			SetLoadedEditorAssemblies (6ms)
			RefreshPlugins (0ms)
			BeforeProcessingInitializeOnLoad (68ms)
			ProcessInitializeOnLoadAttributes (270ms)
			ProcessInitializeOnLoadMethodAttributes (17ms)
			AfterProcessingInitializeOnLoad (2ms)
			EditorAssembliesLoaded (0ms)
		ExecutionOrderSort2 (0ms)
		AwakeInstancesAfterBackupRestoration (6ms)
Launched and connected shader compiler UnityShaderCompiler.exe after 0.07 seconds
Refreshing native plugins compatible for Editor in 2.62 ms, found 3 plugins.
Preloading 0 native plugins for Editor in 0.00 ms.
Unloading 3091 Unused Serialized files (Serialized files now loaded: 0)
Unloading 33 unused Assets / (57.8 KB). Loaded Objects now: 3553.
Memory consumption went from 119.0 MB to 119.0 MB.
Total: 4.622700 ms (FindLiveObjects: 0.290300 ms CreateObjectMapping: 0.270200 ms MarkObjects: 3.936500 ms  DeleteObjects: 0.124700 ms)

AssetImportParameters requested are different than current active one (requested -> active):
  custom:container-demuxer-ogg: 62fdf1f143b41e24485cea50d1cbac27 -> 
  custom:video-codec-MediaFoundation-h265: 746d11721c4dcdbdad8f713fa42b33f4 -> 
  custom:video-decoder-ogg-theora: a1e56fd34408186e4bbccfd4996cb3dc -> 
  custom:framework-win-MediaFoundation: 216162199b28c13a410421893ffa2e32 -> 
  custom:CustomObjectIndexerAttribute: 756ad292c208cfabdd7b50bc23989ffe -> 
  custom:container-demuxer-webm: 4f35f7cbe854078d1ac9338744f61a02 -> 
  custom:container-muxer-webm: aa71ff27fc2769a1b78a27578f13a17b -> 
  custom:video-decoder-webm-vp8: 9c59270c3fd7afecdb556c50c9e8de78 -> 
  custom:SearchIndexIgnoredProperties: e643bd26f0fe6173181afceb89e7c659 -> 
  custom:AudioImporter_EditorPlatform: d09bf68614088b80899f8185d706f6e7 -> 
  custom:video-encoder-webm-vp8: eb34c28f22e8b96e1ab97ce403110664 -> 
  custom:audio-decoder-ogg-vorbis: bf7c407c2cedff20999df2af8eb42d56 -> 
  custom:audio-encoder-webm-vorbis: bf7c407c2cedff20999df2af8eb42d56 -> 
========================================================================
Received Import Request.
  Time since last request: 519.699232 seconds.
  path: Assets/TextMesh Pro/Resources/LineBreaking Leading Characters.txt
  artifactKey: Guid(d82c1b31c7e74239bff1220585707d2b) Importer(2089858483,0ecaa5967403d082aa24f35e1b516d23)
Start importing Assets/TextMesh Pro/Resources/LineBreaking Leading Characters.txt using Guid(d82c1b31c7e74239bff1220585707d2b) Importer(2089858483,0ecaa5967403d082aa24f35e1b516d23) Generated GUIDs only implemented for interfaces!
 -> (artifact id: '37396cdb5b305bc8d62d76c9abe137cc') in 0.077486 seconds
Number of updated asset objects reloaded before import = 0
Number of asset objects unloaded after import = 1
========================================================================
Received Import Request.
  Time since last request: 0.000030 seconds.
  path: Assets/TextMesh Pro/Shaders/TMPro_Mobile.cginc
  artifactKey: Guid(c334973cef89a9840b0b0c507e0377ab) Importer(2089858483,0ecaa5967403d082aa24f35e1b516d23)
Start importing Assets/TextMesh Pro/Shaders/TMPro_Mobile.cginc using Guid(c334973cef89a9840b0b0c507e0377ab) Importer(2089858483,0ecaa5967403d082aa24f35e1b516d23) Generated GUIDs only implemented for interfaces!
 -> (artifact id: '4810c5f0b45c51736a8b5b069b591b4c') in 0.003991 seconds
Number of updated asset objects reloaded before import = 0
Number of asset objects unloaded after import = 1
========================================================================
Received Import Request.
  Time since last request: 0.000020 seconds.
  path: Assets/Models/Characters/Rosaria/Avatar_Lady_Pole_Rosaria_Tex_Body_Shadow_Ramp.png
  artifactKey: Guid(09bb93ce29a6e344ba16ce9d42241e95) Importer(2089858483,0ecaa5967403d082aa24f35e1b516d23)
Start importing Assets/Models/Characters/Rosaria/Avatar_Lady_Pole_Rosaria_Tex_Body_Shadow_Ramp.png using Guid(09bb93ce29a6e344ba16ce9d42241e95) Importer(2089858483,0ecaa5967403d082aa24f35e1b516d23) Generated GUIDs only implemented for interfaces!
 -> (artifact id: 'bebb6426488298f5b834e62cb60e72c9') in 0.080120 seconds
Number of updated asset objects reloaded before import = 0
Number of asset objects unloaded after import = 1
========================================================================
Received Import Request.
  Time since last request: 0.000017 seconds.
  path: Assets/Models/Characters/Diluc/Avatar_Tex_Face_Shadow.png
  artifactKey: Guid(748aa4ea2d02d784d864f1b8aa6cbd34) Importer(2089858483,0ecaa5967403d082aa24f35e1b516d23)
Start importing Assets/Models/Characters/Diluc/Avatar_Tex_Face_Shadow.png using Guid(748aa4ea2d02d784d864f1b8aa6cbd34) Importer(2089858483,0ecaa5967403d082aa24f35e1b516d23) Generated GUIDs only implemented for interfaces!
 -> (artifact id: 'c662e73ee5a3fd6edbe7457c05bc94f9') in 0.021458 seconds
Number of updated asset objects reloaded before import = 0
Number of asset objects unloaded after import = 1
========================================================================
Received Import Request.
  Time since last request: 0.000025 seconds.
  path: Assets/Models/Characters/Fischl/Avatar_Girl_Bow_Fischl_Tex_Hair_Shadow_Ramp.png
  artifactKey: Guid(60d4d329af8a679468c684712d1dd8a3) Importer(2089858483,0ecaa5967403d082aa24f35e1b516d23)
Start importing Assets/Models/Characters/Fischl/Avatar_Girl_Bow_Fischl_Tex_Hair_Shadow_Ramp.png using Guid(60d4d329af8a679468c684712d1dd8a3) Importer(2089858483,0ecaa5967403d082aa24f35e1b516d23) Generated GUIDs only implemented for interfaces!
 -> (artifact id: '598ca74ffcb34f467abb3b3522cc8e9d') in 0.016839 seconds
Number of updated asset objects reloaded before import = 0
Number of asset objects unloaded after import = 1
========================================================================
Received Import Request.
  Time since last request: 0.000023 seconds.
  path: Assets/TextMesh Pro/Shaders/TMP_SDF-Mobile Overlay.shader
  artifactKey: Guid(a02a7d8c237544f1962732b55a9aebf1) Importer(2089858483,0ecaa5967403d082aa24f35e1b516d23)
Start importing Assets/TextMesh Pro/Shaders/TMP_SDF-Mobile Overlay.shader using Guid(a02a7d8c237544f1962732b55a9aebf1) Importer(2089858483,0ecaa5967403d082aa24f35e1b516d23) Generated GUIDs only implemented for interfaces!
 -> (artifact id: '764df609a2e6e29e51427445b6efac95') in 0.012125 seconds
Number of updated asset objects reloaded before import = 0
Number of asset objects unloaded after import = 1
========================================================================
Received Import Request.
  Time since last request: 0.000027 seconds.
  path: Assets/Scripts/Structures/TerritroyReaded.cs
  artifactKey: Guid(c6015c596d3db4f4987e046012ae82b2) Importer(2089858483,0ecaa5967403d082aa24f35e1b516d23)
Start importing Assets/Scripts/Structures/TerritroyReaded.cs using Guid(c6015c596d3db4f4987e046012ae82b2) Importer(2089858483,0ecaa5967403d082aa24f35e1b516d23) Generated GUIDs only implemented for interfaces!
 -> (artifact id: '6fad29754e24240e6fe18bd308f983a9') in 0.008676 seconds
Number of updated asset objects reloaded before import = 0
Number of asset objects unloaded after import = 1
========================================================================
Received Import Request.
  Time since last request: 0.000049 seconds.
  path: Assets/Models/Characters/Barbara/Avatar_Girl_Catalyst_Barbara_Tex_Hair_Diffuse.png
  artifactKey: Guid(5e74965d6d8b582458c06822d3d28529) Importer(2089858483,0ecaa5967403d082aa24f35e1b516d23)
Start importing Assets/Models/Characters/Barbara/Avatar_Girl_Catalyst_Barbara_Tex_Hair_Diffuse.png using Guid(5e74965d6d8b582458c06822d3d28529) Importer(2089858483,0ecaa5967403d082aa24f35e1b516d23) Generated GUIDs only implemented for interfaces!
 -> (artifact id: '18c941909935c249a20cc8b9c18b03ed') in 0.047964 seconds
Number of updated asset objects reloaded before import = 0
Number of asset objects unloaded after import = 1
========================================================================
Received Import Request.
  Time since last request: 0.000023 seconds.
  path: Assets/Models/Characters/Barbara/Avatar_Girl_Catalyst_Barbara_Tex_Body_Diffuse.png
  artifactKey: Guid(fe89ee8698d6c1546983376e5f7a8e37) Importer(2089858483,0ecaa5967403d082aa24f35e1b516d23)
Start importing Assets/Models/Characters/Barbara/Avatar_Girl_Catalyst_Barbara_Tex_Body_Diffuse.png using Guid(fe89ee8698d6c1546983376e5f7a8e37) Importer(2089858483,0ecaa5967403d082aa24f35e1b516d23) Generated GUIDs only implemented for interfaces!
 -> (artifact id: '5558dda1c343d250824c5dfbe0a7317d') in 0.023529 seconds
Number of updated asset objects reloaded before import = 0
Number of asset objects unloaded after import = 1
========================================================================
Received Import Request.
  Time since last request: 0.000022 seconds.
  path: Assets/Models/Characters/Diluc/Avatar_Male_Claymore_Diluc_Tex_Hair_Diffuse.png
  artifactKey: Guid(8908bb7cb48a88f439d350ef37dac17e) Importer(2089858483,0ecaa5967403d082aa24f35e1b516d23)
Start importing Assets/Models/Characters/Diluc/Avatar_Male_Claymore_Diluc_Tex_Hair_Diffuse.png using Guid(8908bb7cb48a88f439d350ef37dac17e) Importer(2089858483,0ecaa5967403d082aa24f35e1b516d23) Generated GUIDs only implemented for interfaces!
 -> (artifact id: '5fdf92d1259614d88941668fb382c444') in 0.019355 seconds
Number of updated asset objects reloaded before import = 0
Number of asset objects unloaded after import = 1
========================================================================
Received Import Request.
  Time since last request: 0.000037 seconds.
  path: Assets/Models/Characters/Diluc/Avatar_Male_Claymore_Diluc_Tex_Hair_Lightmap.png
  artifactKey: Guid(15cbc2f5df015ef4cb8c9c5bd1c79eb5) Importer(2089858483,0ecaa5967403d082aa24f35e1b516d23)
Start importing Assets/Models/Characters/Diluc/Avatar_Male_Claymore_Diluc_Tex_Hair_Lightmap.png using Guid(15cbc2f5df015ef4cb8c9c5bd1c79eb5) Importer(2089858483,0ecaa5967403d082aa24f35e1b516d23) Generated GUIDs only implemented for interfaces!
 -> (artifact id: 'a2d716d017a48b8f919504d35f606a64') in 0.022468 seconds
Number of updated asset objects reloaded before import = 0
Number of asset objects unloaded after import = 1
========================================================================
Received Import Request.
  Time since last request: 0.000043 seconds.
  path: Assets/Resources/Prefabs/Button.prefab
  artifactKey: Guid(aec9583fa38be594584760ba1c92461d) Importer(2089858483,0ecaa5967403d082aa24f35e1b516d23)
Start importing Assets/Resources/Prefabs/Button.prefab using Guid(aec9583fa38be594584760ba1c92461d) Importer(2089858483,0ecaa5967403d082aa24f35e1b516d23) Generated GUIDs only implemented for interfaces!
 -> (artifact id: 'c0654d6acd30fcd11a5e157be780fb51') in 0.084999 seconds
Number of updated asset objects reloaded before import = 0
Number of asset objects unloaded after import = 19
========================================================================
Received Import Request.
  Time since last request: 0.000018 seconds.
  path: Assets/Models/StructureObjects/Hilichurls Building/hilichurl-house.fbx
  artifactKey: Guid(a1e7edf6974a8444895c4f02477c2fed) Importer(2089858483,0ecaa5967403d082aa24f35e1b516d23)
Start importing Assets/Models/StructureObjects/Hilichurls Building/hilichurl-house.fbx using Guid(a1e7edf6974a8444895c4f02477c2fed) Importer(2089858483,0ecaa5967403d082aa24f35e1b516d23) Generated GUIDs only implemented for interfaces!
 -> (artifact id: '37881d5869945701007ff6633db063e9') in 0.074241 seconds
Number of updated asset objects reloaded before import = 0
Number of asset objects unloaded after import = 13
========================================================================
Received Import Request.
  Time since last request: 0.000017 seconds.
  path: Assets/Models/Enemies/Hili Electric/Avatar_Tex_MetalMap.png
  artifactKey: Guid(03660c95ac1244944b4f785f2d73fed2) Importer(2089858483,0ecaa5967403d082aa24f35e1b516d23)
Start importing Assets/Models/Enemies/Hili Electric/Avatar_Tex_MetalMap.png using Guid(03660c95ac1244944b4f785f2d73fed2) Importer(2089858483,0ecaa5967403d082aa24f35e1b516d23) Generated GUIDs only implemented for interfaces!
 -> (artifact id: 'cc108932b587b7c812558c0395dddb31') in 0.017792 seconds
Number of updated asset objects reloaded before import = 0
Number of asset objects unloaded after import = 1
========================================================================
Received Import Request.
  Time since last request: 0.000021 seconds.
  path: Assets/Models/StructureObjects/Hilichurls Building/hilichurl-bath.fbx
  artifactKey: Guid(c41b31d98efdbec49a96b35cd817cf5c) Importer(2089858483,0ecaa5967403d082aa24f35e1b516d23)
Start importing Assets/Models/StructureObjects/Hilichurls Building/hilichurl-bath.fbx using Guid(c41b31d98efdbec49a96b35cd817cf5c) Importer(2089858483,0ecaa5967403d082aa24f35e1b516d23) Generated GUIDs only implemented for interfaces!
 -> (artifact id: '65420562ae797316af2956fa28514434') in 0.021510 seconds
Number of updated asset objects reloaded before import = 0
Number of asset objects unloaded after import = 9
========================================================================
Received Import Request.
  Time since last request: 0.000031 seconds.
  path: Assets/Models/StructureObjects/Hilichurls Building/hilichurl-tower-alternate.fbx
  artifactKey: Guid(53a7d787934944547911c0c74c3cac32) Importer(2089858483,0ecaa5967403d082aa24f35e1b516d23)
Start importing Assets/Models/StructureObjects/Hilichurls Building/hilichurl-tower-alternate.fbx using Guid(53a7d787934944547911c0c74c3cac32) Importer(2089858483,0ecaa5967403d082aa24f35e1b516d23) Generated GUIDs only implemented for interfaces!
 -> (artifact id: 'd68c87e0a6ae8dc24d69dccbbcc769f4') in 0.026503 seconds
Number of updated asset objects reloaded before import = 0
Number of asset objects unloaded after import = 11
========================================================================
Received Import Request.
  Time since last request: 0.000059 seconds.
  path: Assets/Models/StructureObjects/Hilichurls Building/hilichurl-platform.fbx
  artifactKey: Guid(731944ddc0e108348a60cc2f5ee78fcc) Importer(2089858483,0ecaa5967403d082aa24f35e1b516d23)
Start importing Assets/Models/StructureObjects/Hilichurls Building/hilichurl-platform.fbx using Guid(731944ddc0e108348a60cc2f5ee78fcc) Importer(2089858483,0ecaa5967403d082aa24f35e1b516d23) Generated GUIDs only implemented for interfaces!
 -> (artifact id: '7310d1f829beaee4ed1124df964032b5') in 0.029286 seconds
Number of updated asset objects reloaded before import = 0
Number of asset objects unloaded after import = 11
========================================================================
Received Import Request.
  Time since last request: 0.000020 seconds.
  path: Assets/Models/StructureObjects/Hilichurls Building/Hilichurl Big House Fixed.fbx
  artifactKey: Guid(270fde9d4a966a24895112a5b605cc6e) Importer(2089858483,0ecaa5967403d082aa24f35e1b516d23)
Start importing Assets/Models/StructureObjects/Hilichurls Building/Hilichurl Big House Fixed.fbx using Guid(270fde9d4a966a24895112a5b605cc6e) Importer(2089858483,0ecaa5967403d082aa24f35e1b516d23) Generated GUIDs only implemented for interfaces!
 -> (artifact id: '89aa5857d74c4206392e66103b2a4cba') in 0.045696 seconds
Number of updated asset objects reloaded before import = 0
Number of asset objects unloaded after import = 100
========================================================================
Received Import Request.
  Time since last request: 0.000027 seconds.
  path: Assets/Models/Enemies/Slimes/Monster_Slime_Eye_Red_Tex_Diffuse.png
  artifactKey: Guid(ee6fbd8230210d34da9457962817177e) Importer(2089858483,0ecaa5967403d082aa24f35e1b516d23)
Start importing Assets/Models/Enemies/Slimes/Monster_Slime_Eye_Red_Tex_Diffuse.png using Guid(ee6fbd8230210d34da9457962817177e) Importer(2089858483,0ecaa5967403d082aa24f35e1b516d23) Generated GUIDs only implemented for interfaces!
 -> (artifact id: '149a9da944c088f9b4de25f1adbb6d47') in 0.019605 seconds
Number of updated asset objects reloaded before import = 0
Number of asset objects unloaded after import = 1
========================================================================
Received Import Request.
  Time since last request: 0.000018 seconds.
  path: Assets/TextMesh Pro/Sprites/EmojiOne Attribution.txt
  artifactKey: Guid(381dcb09d5029d14897e55f98031fca5) Importer(2089858483,0ecaa5967403d082aa24f35e1b516d23)
Start importing Assets/TextMesh Pro/Sprites/EmojiOne Attribution.txt using Guid(381dcb09d5029d14897e55f98031fca5) Importer(2089858483,0ecaa5967403d082aa24f35e1b516d23) Generated GUIDs only implemented for interfaces!
 -> (artifact id: '3559c4c3988d6fa3dc56b51a830f53af') in 0.004174 seconds
Number of updated asset objects reloaded before import = 0
Number of asset objects unloaded after import = 1
========================================================================
Received Import Request.
  Time since last request: 0.000034 seconds.
  path: Assets/Models/Characters/Albedo/Avatar_Tex_MetalMap.png
  artifactKey: Guid(598f25cce0145aa4eaaf4f830cbf6ba5) Importer(2089858483,0ecaa5967403d082aa24f35e1b516d23)
Start importing Assets/Models/Characters/Albedo/Avatar_Tex_MetalMap.png using Guid(598f25cce0145aa4eaaf4f830cbf6ba5) Importer(2089858483,0ecaa5967403d082aa24f35e1b516d23) Generated GUIDs only implemented for interfaces!
 -> (artifact id: '1344c311fcfb1539f687a633758aee1f') in 0.016288 seconds
Number of updated asset objects reloaded before import = 0
Number of asset objects unloaded after import = 1
========================================================================
Received Import Request.
  Time since last request: 0.000043 seconds.
  path: Assets/Models/Characters/Fischl/Avatar_Girl_Bow_Fischl_Tex_Face_Diffuse.png
  artifactKey: Guid(eebf50b57e0d7fa4a9a8d7e4ad69bfb5) Importer(2089858483,0ecaa5967403d082aa24f35e1b516d23)
Start importing Assets/Models/Characters/Fischl/Avatar_Girl_Bow_Fischl_Tex_Face_Diffuse.png using Guid(eebf50b57e0d7fa4a9a8d7e4ad69bfb5) Importer(2089858483,0ecaa5967403d082aa24f35e1b516d23) Generated GUIDs only implemented for interfaces!
 -> (artifact id: '2a2a8ea8c96f3d0507eef51e6e27aa0b') in 0.024233 seconds
Number of updated asset objects reloaded before import = 0
Number of asset objects unloaded after import = 1
========================================================================
Received Import Request.
  Time since last request: 0.000018 seconds.
  path: Assets/Models/Characters/Barbara/Barbara.fbx
  artifactKey: Guid(6a9a73c897aaffb419f03b576d9f5510) Importer(2089858483,0ecaa5967403d082aa24f35e1b516d23)
Start importing Assets/Models/Characters/Barbara/Barbara.fbx using Guid(6a9a73c897aaffb419f03b576d9f5510) Importer(2089858483,0ecaa5967403d082aa24f35e1b516d23) Generated GUIDs only implemented for interfaces!
 -> (artifact id: 'db360bb2b0e14f6018846717c6d1323d') in 0.062473 seconds
Number of updated asset objects reloaded before import = 0
Number of asset objects unloaded after import = 190
========================================================================
Received Import Request.
  Time since last request: 0.000033 seconds.
  path: Assets/Models/Enemies/Hili Electric/Monster_Hili_Electric_02_Model .fbx
  artifactKey: Guid(8e4c08eacd4a3054a80ac91a791498a7) Importer(2089858483,0ecaa5967403d082aa24f35e1b516d23)
Start importing Assets/Models/Enemies/Hili Electric/Monster_Hili_Electric_02_Model .fbx using Guid(8e4c08eacd4a3054a80ac91a791498a7) Importer(2089858483,0ecaa5967403d082aa24f35e1b516d23) Generated GUIDs only implemented for interfaces!
 -> (artifact id: '2d02c930f6aa648676b4040341f01bd6') in 0.033586 seconds
Number of updated asset objects reloaded before import = 0
Number of asset objects unloaded after import = 227
========================================================================
Received Import Request.
  Time since last request: 0.000028 seconds.
  path: Assets/TextMesh Pro/Resources/LineBreaking Following Characters.txt
  artifactKey: Guid(fade42e8bc714b018fac513c043d323b) Importer(2089858483,0ecaa5967403d082aa24f35e1b516d23)
Start importing Assets/TextMesh Pro/Resources/LineBreaking Following Characters.txt using Guid(fade42e8bc714b018fac513c043d323b) Importer(2089858483,0ecaa5967403d082aa24f35e1b516d23) Generated GUIDs only implemented for interfaces!
 -> (artifact id: '7d0149637e83d9fbc927ec4ecd40bb4a') in 0.003648 seconds
Number of updated asset objects reloaded before import = 0
Number of asset objects unloaded after import = 1
========================================================================
Received Import Request.
  Time since last request: 0.000056 seconds.
  path: Assets/Models/StructureObjects/Hilichurls Building/Area_Common_Build_Hili_House_13_Lod1 (merge).fbx
  artifactKey: Guid(8dcafe8d3adfc664cba0d2fc8f24cebb) Importer(2089858483,0ecaa5967403d082aa24f35e1b516d23)
Start importing Assets/Models/StructureObjects/Hilichurls Building/Area_Common_Build_Hili_House_13_Lod1 (merge).fbx using Guid(8dcafe8d3adfc664cba0d2fc8f24cebb) Importer(2089858483,0ecaa5967403d082aa24f35e1b516d23) Generated GUIDs only implemented for interfaces!
 -> (artifact id: 'ed019ca98a5af8647748cf4c115c6ea3') in 0.019569 seconds
Number of updated asset objects reloaded before import = 0
Number of asset objects unloaded after import = 12
========================================================================
Received Import Request.
  Time since last request: 0.000030 seconds.
  path: Assets/TextMesh Pro/Shaders/TMP_SDF SSD.shader
  artifactKey: Guid(14eb328de4b8eb245bb7cea29e4ac00b) Importer(2089858483,0ecaa5967403d082aa24f35e1b516d23)
Start importing Assets/TextMesh Pro/Shaders/TMP_SDF SSD.shader using Guid(14eb328de4b8eb245bb7cea29e4ac00b) Importer(2089858483,0ecaa5967403d082aa24f35e1b516d23) Generated GUIDs only implemented for interfaces!
 -> (artifact id: '5a40d874d1243d1e5e4e6af897662582') in 0.010768 seconds
Number of updated asset objects reloaded before import = 0
Number of asset objects unloaded after import = 1
========================================================================
Received Import Request.
  Time since last request: 0.000035 seconds.
  path: Assets/Models/Characters/Diluc/Avatar_Tex_MetalMap.png
  artifactKey: Guid(c82befbed03a8c841a649b3d16f8b822) Importer(2089858483,0ecaa5967403d082aa24f35e1b516d23)
Start importing Assets/Models/Characters/Diluc/Avatar_Tex_MetalMap.png using Guid(c82befbed03a8c841a649b3d16f8b822) Importer(2089858483,0ecaa5967403d082aa24f35e1b516d23) Generated GUIDs only implemented for interfaces!
 -> (artifact id: '7b528d9fb800edb58682eaa92bc575ae') in 0.014514 seconds
Number of updated asset objects reloaded before import = 0
Number of asset objects unloaded after import = 1
========================================================================
Received Import Request.
  Time since last request: 0.000021 seconds.
  path: Assets/Models/StructureObjects/Hilichurls Building/hilichurl-stone-platform.fbx
  artifactKey: Guid(fa27d39369f8d214396138c4f52fb107) Importer(2089858483,0ecaa5967403d082aa24f35e1b516d23)
Start importing Assets/Models/StructureObjects/Hilichurls Building/hilichurl-stone-platform.fbx using Guid(fa27d39369f8d214396138c4f52fb107) Importer(2089858483,0ecaa5967403d082aa24f35e1b516d23) Generated GUIDs only implemented for interfaces!
 -> (artifact id: '3cafe231150ea9a4e680ddd99c4b62d4') in 0.029716 seconds
Number of updated asset objects reloaded before import = 0
Number of asset objects unloaded after import = 13
========================================================================
Received Import Request.
  Time since last request: 0.000016 seconds.
  path: Assets/Models/Characters/Fischl/Avatar_Tex_MetalMap.png
  artifactKey: Guid(c8f94dbd2b3eb824ca8cfa32355127b0) Importer(2089858483,0ecaa5967403d082aa24f35e1b516d23)
Start importing Assets/Models/Characters/Fischl/Avatar_Tex_MetalMap.png using Guid(c8f94dbd2b3eb824ca8cfa32355127b0) Importer(2089858483,0ecaa5967403d082aa24f35e1b516d23) Generated GUIDs only implemented for interfaces!
 -> (artifact id: 'f04d79f5f605a5a7a1d4bd04a00c5914') in 0.017335 seconds
Number of updated asset objects reloaded before import = 0
Number of asset objects unloaded after import = 1
========================================================================
Received Import Request.
  Time since last request: 0.000025 seconds.
  path: Assets/Resources/Prefabs/hilichurl-barricade.prefab
  artifactKey: Guid(3203687fb3801e34baa304b6c64f79f4) Importer(2089858483,0ecaa5967403d082aa24f35e1b516d23)
Start importing Assets/Resources/Prefabs/hilichurl-barricade.prefab using Guid(3203687fb3801e34baa304b6c64f79f4) Importer(2089858483,0ecaa5967403d082aa24f35e1b516d23) Generated GUIDs only implemented for interfaces!
 -> (artifact id: '1935995ab3bae5593a45bb112d128809') in 0.010915 seconds
Number of updated asset objects reloaded before import = 0
Number of asset objects unloaded after import = 14
========================================================================
Received Import Request.
  Time since last request: 0.000014 seconds.
  path: Assets/Models/StructureObjects/Stone/stone-3.fbx
  artifactKey: Guid(3777abe95c618dc4888865af3ec160c8) Importer(2089858483,0ecaa5967403d082aa24f35e1b516d23)
Start importing Assets/Models/StructureObjects/Stone/stone-3.fbx using Guid(3777abe95c618dc4888865af3ec160c8) Importer(2089858483,0ecaa5967403d082aa24f35e1b516d23) Generated GUIDs only implemented for interfaces!
 -> (artifact id: 'fc347ac5609a5ac8ec4dcae2b0800d7e') in 0.024743 seconds
Number of updated asset objects reloaded before import = 0
Number of asset objects unloaded after import = 9
========================================================================
Received Import Request.
  Time since last request: 0.000060 seconds.
  path: Assets/Models/Enemies/Slimes/Materials/Monster_Slime_LargeHorn_Blue.mat
  artifactKey: Guid(3537df5de539f374ebddddb75f2e84c2) Importer(2089858483,0ecaa5967403d082aa24f35e1b516d23)
Start importing Assets/Models/Enemies/Slimes/Materials/Monster_Slime_LargeHorn_Blue.mat using Guid(3537df5de539f374ebddddb75f2e84c2) Importer(2089858483,0ecaa5967403d082aa24f35e1b516d23) Generated GUIDs only implemented for interfaces!
 -> (artifact id: '1af7ca099362fab89e582f919576a6ba') in 0.014932 seconds
Number of updated asset objects reloaded before import = 0
Number of asset objects unloaded after import = 2
========================================================================
Received Import Request.
  Time since last request: 0.000026 seconds.
  path: Assets/Models/Nature/Trees/CyTree/Stages_Tree04_Bark_Diffuse.png
  artifactKey: Guid(44071271f79241842a8ddcaa0b0fe81c) Importer(2089858483,0ecaa5967403d082aa24f35e1b516d23)
Start importing Assets/Models/Nature/Trees/CyTree/Stages_Tree04_Bark_Diffuse.png using Guid(44071271f79241842a8ddcaa0b0fe81c) Importer(2089858483,0ecaa5967403d082aa24f35e1b516d23) Generated GUIDs only implemented for interfaces!
 -> (artifact id: 'b61269f1ff2703cde9ff59663d20eb2d') in 0.016684 seconds
Number of updated asset objects reloaded before import = 0
Number of asset objects unloaded after import = 1
========================================================================
Received Import Request.
  Time since last request: 0.000019 seconds.
  path: Assets/Resources/Prefabs/Level1/stone4.prefab
  artifactKey: Guid(2ca35a616b4ac4a46840a76597271ca9) Importer(2089858483,0ecaa5967403d082aa24f35e1b516d23)
Start importing Assets/Resources/Prefabs/Level1/stone4.prefab using Guid(2ca35a616b4ac4a46840a76597271ca9) Importer(2089858483,0ecaa5967403d082aa24f35e1b516d23) Generated GUIDs only implemented for interfaces!
 -> (artifact id: 'fe038a7c4ed78a78d51d223ba6b0f68c') in 0.015043 seconds
Number of updated asset objects reloaded before import = 0
Number of asset objects unloaded after import = 9
========================================================================
Received Import Request.
  Time since last request: 0.000017 seconds.
  path: Assets/Models/Nature/Trees/Birch/Stages_Birchtree02_Leaf_Lod9.001.mat
  artifactKey: Guid(c0a4bda7abb15f14ea20657676e27a44) Importer(2089858483,0ecaa5967403d082aa24f35e1b516d23)
Start importing Assets/Models/Nature/Trees/Birch/Stages_Birchtree02_Leaf_Lod9.001.mat using Guid(c0a4bda7abb15f14ea20657676e27a44) Importer(2089858483,0ecaa5967403d082aa24f35e1b516d23) Generated GUIDs only implemented for interfaces!
 -> (artifact id: '4cd99b24d0b878175a16d8b738795c1f') in 0.010287 seconds
Number of updated asset objects reloaded before import = 0
Number of asset objects unloaded after import = 2
========================================================================
Received Import Request.
  Time since last request: 0.000023 seconds.
  path: Assets/Resources/Prefabs/Level1/Tree.prefab
  artifactKey: Guid(31ffacd9095bdc745a5febca40815579) Importer(2089858483,0ecaa5967403d082aa24f35e1b516d23)
Start importing Assets/Resources/Prefabs/Level1/Tree.prefab using Guid(31ffacd9095bdc745a5febca40815579) Importer(2089858483,0ecaa5967403d082aa24f35e1b516d23) Generated GUIDs only implemented for interfaces!
 -> (artifact id: '13a668302b37d786167be51cfeb7655e') in 0.010827 seconds
Number of updated asset objects reloaded before import = 0
Number of asset objects unloaded after import = 8
========================================================================
Received Import Request.
  Time since last request: 0.000030 seconds.
  path: Assets/Models/Nature/Trees/CyTree/Stages_CyTree02_Bark.mat
  artifactKey: Guid(59c6fef875644094f9823d4539ae9cb7) Importer(2089858483,0ecaa5967403d082aa24f35e1b516d23)
Start importing Assets/Models/Nature/Trees/CyTree/Stages_CyTree02_Bark.mat using Guid(59c6fef875644094f9823d4539ae9cb7) Importer(2089858483,0ecaa5967403d082aa24f35e1b516d23) Generated GUIDs only implemented for interfaces!
 -> (artifact id: 'c6817f070390b4891fc78f503fbcd60b') in 0.010361 seconds
Number of updated asset objects reloaded before import = 0
Number of asset objects unloaded after import = 2
========================================================================
Received Import Request.
  Time since last request: 0.000051 seconds.
  path: Assets/Models/Nature/Trees/DqPlant/Area_Dq_Tree_Common_Ls_06_Bark_Diffuse.png
  artifactKey: Guid(c37acbaea96fa254ab3465dea5867c7b) Importer(2089858483,0ecaa5967403d082aa24f35e1b516d23)
Start importing Assets/Models/Nature/Trees/DqPlant/Area_Dq_Tree_Common_Ls_06_Bark_Diffuse.png using Guid(c37acbaea96fa254ab3465dea5867c7b) Importer(2089858483,0ecaa5967403d082aa24f35e1b516d23) Generated GUIDs only implemented for interfaces!
 -> (artifact id: 'b0c089649b6e347d1afab187fbcf147a') in 0.015747 seconds
Number of updated asset objects reloaded before import = 0
Number of asset objects unloaded after import = 1
========================================================================
Received Import Request.
  Time since last request: 0.000021 seconds.
  path: Assets/Models/StructureObjects/Stone/stone-2.fbx
  artifactKey: Guid(37a1ba7d029e0a74fbb69524a63a4ff8) Importer(2089858483,0ecaa5967403d082aa24f35e1b516d23)
Start importing Assets/Models/StructureObjects/Stone/stone-2.fbx using Guid(37a1ba7d029e0a74fbb69524a63a4ff8) Importer(2089858483,0ecaa5967403d082aa24f35e1b516d23) Generated GUIDs only implemented for interfaces!
 -> (artifact id: 'bb3bd3e7903078af9340a428b9ca15df') in 0.021366 seconds
Number of updated asset objects reloaded before import = 0
Number of asset objects unloaded after import = 9
========================================================================
Received Import Request.
  Time since last request: 0.000016 seconds.
  path: Assets/Models/StructureObjects/Hilichurls Building/hilichurl-tower.fbx
  artifactKey: Guid(1c9227a9e1c9e8e48bb514589d473321) Importer(2089858483,0ecaa5967403d082aa24f35e1b516d23)
Start importing Assets/Models/StructureObjects/Hilichurls Building/hilichurl-tower.fbx using Guid(1c9227a9e1c9e8e48bb514589d473321) Importer(2089858483,0ecaa5967403d082aa24f35e1b516d23) Generated GUIDs only implemented for interfaces!
 -> (artifact id: '6de837af47c8b34f3f8bbb54a044fae3') in 0.026596 seconds
Number of updated asset objects reloaded before import = 0
Number of asset objects unloaded after import = 15
========================================================================
Received Import Request.
  Time since last request: 0.000018 seconds.
  path: Assets/Resources/Prefabs/Level1/stone1.prefab
  artifactKey: Guid(471a60b53918be4488361e98df8e7a6f) Importer(2089858483,0ecaa5967403d082aa24f35e1b516d23)
Start importing Assets/Resources/Prefabs/Level1/stone1.prefab using Guid(471a60b53918be4488361e98df8e7a6f) Importer(2089858483,0ecaa5967403d082aa24f35e1b516d23) Generated GUIDs only implemented for interfaces!
 -> (artifact id: 'e77ce7b98c26ee16a282c0bc5eaa46ad') in 0.010803 seconds
Number of updated asset objects reloaded before import = 0
Number of asset objects unloaded after import = 9
========================================================================
Received Import Request.
  Time since last request: 0.000023 seconds.
  path: Assets/Models/Enemies/Slimes/Materials/Monster_Slime_RightEye_Red.mat
  artifactKey: Guid(2035713f06d13ce40bf7030fe6f77e6b) Importer(2089858483,0ecaa5967403d082aa24f35e1b516d23)
Start importing Assets/Models/Enemies/Slimes/Materials/Monster_Slime_RightEye_Red.mat using Guid(2035713f06d13ce40bf7030fe6f77e6b) Importer(2089858483,0ecaa5967403d082aa24f35e1b516d23) Generated GUIDs only implemented for interfaces!
 -> (artifact id: '36ef3034b6eba4ba12a39b5466391627') in 0.008284 seconds
Number of updated asset objects reloaded before import = 0
Number of asset objects unloaded after import = 2
========================================================================
Received Import Request.
  Time since last request: 0.000020 seconds.
  path: Assets/Models/Nature/Trees/Birch/Stages_Birchtree01_Brak_Lod0.001.mat
  artifactKey: Guid(aa87bd8e28d41e349bd7061282bb5f36) Importer(2089858483,0ecaa5967403d082aa24f35e1b516d23)
Start importing Assets/Models/Nature/Trees/Birch/Stages_Birchtree01_Brak_Lod0.001.mat using Guid(aa87bd8e28d41e349bd7061282bb5f36) Importer(2089858483,0ecaa5967403d082aa24f35e1b516d23) Generated GUIDs only implemented for interfaces!
 -> (artifact id: 'fe0c1d2cce28f72e52a0968cc4d7d439') in 0.008658 seconds
Number of updated asset objects reloaded before import = 0
Number of asset objects unloaded after import = 3
========================================================================
Received Import Request.
  Time since last request: 0.000017 seconds.
  path: Assets/Models/StructureObjects/Hilichurls Building/SkillObj_Activity_HideSeek_HiliWoodenBarrel_02 (merge).fbx
  artifactKey: Guid(03fd3b5baf0c757489606eef32907f14) Importer(2089858483,0ecaa5967403d082aa24f35e1b516d23)
Start importing Assets/Models/StructureObjects/Hilichurls Building/SkillObj_Activity_HideSeek_HiliWoodenBarrel_02 (merge).fbx using Guid(03fd3b5baf0c757489606eef32907f14) Importer(2089858483,0ecaa5967403d082aa24f35e1b516d23) Generated GUIDs only implemented for interfaces!
 -> (artifact id: '698ce645ff84550637ad6e10f63a6e8d') in 0.024902 seconds
Number of updated asset objects reloaded before import = 0
Number of asset objects unloaded after import = 12
========================================================================
Received Import Request.
  Time since last request: 0.000024 seconds.
  path: Assets/Models/Enemies/Slimes/Materials/Monster_Slime_Body_Red.mat
  artifactKey: Guid(493d58f8ea9a9e1419f864ad50972ed6) Importer(2089858483,0ecaa5967403d082aa24f35e1b516d23)
Start importing Assets/Models/Enemies/Slimes/Materials/Monster_Slime_Body_Red.mat using Guid(493d58f8ea9a9e1419f864ad50972ed6) Importer(2089858483,0ecaa5967403d082aa24f35e1b516d23) Generated GUIDs only implemented for interfaces!
 -> (artifact id: '4e321bc93ae39dcc1678cb98e47fddd0') in 0.007194 seconds
Number of updated asset objects reloaded before import = 0
Number of asset objects unloaded after import = 2
========================================================================
Received Import Request.
  Time since last request: 0.000014 seconds.
  path: Assets/TextMesh Pro/Shaders/TMP_Bitmap-Mobile.shader
  artifactKey: Guid(1e3b057af24249748ff873be7fafee47) Importer(2089858483,0ecaa5967403d082aa24f35e1b516d23)
Start importing Assets/TextMesh Pro/Shaders/TMP_Bitmap-Mobile.shader using Guid(1e3b057af24249748ff873be7fafee47) Importer(2089858483,0ecaa5967403d082aa24f35e1b516d23) Generated GUIDs only implemented for interfaces!
 -> (artifact id: '6417cf3578f6a52b1670c627638ae6f0') in 0.007162 seconds
Number of updated asset objects reloaded before import = 0
Number of asset objects unloaded after import = 1
========================================================================
Received Import Request.
  Time since last request: 0.000073 seconds.
  path: Assets/Scripts/Structures/MatrixMap.cs
  artifactKey: Guid(d66d2f7e9f35b90488e86de0fd615bef) Importer(2089858483,0ecaa5967403d082aa24f35e1b516d23)
Start importing Assets/Scripts/Structures/MatrixMap.cs using Guid(d66d2f7e9f35b90488e86de0fd615bef) Importer(2089858483,0ecaa5967403d082aa24f35e1b516d23) Generated GUIDs only implemented for interfaces!
 -> (artifact id: '385a14f5b78163bd0c1c1ff4b30218a8') in 0.004084 seconds
Number of updated asset objects reloaded before import = 0
Number of asset objects unloaded after import = 1
========================================================================
Received Import Request.
  Time since last request: 0.000074 seconds.
  path: Assets/Models/Characters/Rosaria/Avatar_Lady_Tex_FaceLightmap.png
  artifactKey: Guid(91f21f09cd92be34fb0e6b0ee5c6c432) Importer(2089858483,0ecaa5967403d082aa24f35e1b516d23)
Start importing Assets/Models/Characters/Rosaria/Avatar_Lady_Tex_FaceLightmap.png using Guid(91f21f09cd92be34fb0e6b0ee5c6c432) Importer(2089858483,0ecaa5967403d082aa24f35e1b516d23) Generated GUIDs only implemented for interfaces!
 -> (artifact id: 'f630d4a33f78be2157ee9beea4817c58') in 0.018604 seconds
Number of updated asset objects reloaded before import = 0
Number of asset objects unloaded after import = 1
========================================================================
Received Import Request.
  Time since last request: 0.000155 seconds.
  path: Assets/Scripts/ItemPicker/ItemInfo.cs
  artifactKey: Guid(cc41199df7753484589d84351a03b8c7) Importer(2089858483,0ecaa5967403d082aa24f35e1b516d23)
Start importing Assets/Scripts/ItemPicker/ItemInfo.cs using Guid(cc41199df7753484589d84351a03b8c7) Importer(2089858483,0ecaa5967403d082aa24f35e1b516d23) Generated GUIDs only implemented for interfaces!
 -> (artifact id: '70d464ce1ad5d7027cb5917b0fd527ef') in 0.006153 seconds
Number of updated asset objects reloaded before import = 0
Number of asset objects unloaded after import = 1
========================================================================
Received Import Request.
  Time since last request: 0.000018 seconds.
  path: Assets/Models/Characters/Diluc/Avatar_Male_Claymore_Diluc_Tex_Face_Diffuse.png
  artifactKey: Guid(cb424cc6cb0ddd7428cc19efafc46389) Importer(2089858483,0ecaa5967403d082aa24f35e1b516d23)
Start importing Assets/Models/Characters/Diluc/Avatar_Male_Claymore_Diluc_Tex_Face_Diffuse.png using Guid(cb424cc6cb0ddd7428cc19efafc46389) Importer(2089858483,0ecaa5967403d082aa24f35e1b516d23) Generated GUIDs only implemented for interfaces!
 -> (artifact id: 'ef43787bf121dbfdd2dead1f83a9c329') in 0.029097 seconds
Number of updated asset objects reloaded before import = 0
Number of asset objects unloaded after import = 1
========================================================================
Received Import Request.
  Time since last request: 0.000023 seconds.
  path: Assets/TextMesh Pro/Shaders/TMPro_Properties.cginc
  artifactKey: Guid(3997e2241185407d80309a82f9148466) Importer(2089858483,0ecaa5967403d082aa24f35e1b516d23)
Start importing Assets/TextMesh Pro/Shaders/TMPro_Properties.cginc using Guid(3997e2241185407d80309a82f9148466) Importer(2089858483,0ecaa5967403d082aa24f35e1b516d23) Generated GUIDs only implemented for interfaces!
 -> (artifact id: '9048b6684d73bb0babbc18ceab0c55b9') in 0.006271 seconds
Number of updated asset objects reloaded before import = 0
Number of asset objects unloaded after import = 1
========================================================================
Received Import Request.
  Time since last request: 0.000041 seconds.
  path: Assets/Models/Characters/Sucrose/Avatar_Girl_Catalyst_Sucrose_Tex_Body_Shadow_Ramp.png
  artifactKey: Guid(443bd9315daf40f4a93d169f0b55ed8d) Importer(2089858483,0ecaa5967403d082aa24f35e1b516d23)
Start importing Assets/Models/Characters/Sucrose/Avatar_Girl_Catalyst_Sucrose_Tex_Body_Shadow_Ramp.png using Guid(443bd9315daf40f4a93d169f0b55ed8d) Importer(2089858483,0ecaa5967403d082aa24f35e1b516d23) Generated GUIDs only implemented for interfaces!
 -> (artifact id: '712db5ac91cd445a550e55542a49a30d') in 0.021269 seconds
Number of updated asset objects reloaded before import = 0
Number of asset objects unloaded after import = 1
========================================================================
Received Import Request.
  Time since last request: 0.000023 seconds.
  path: Assets/Models/StructureObjects/Hilichurls Building/hilichurl-barricade.fbx
  artifactKey: Guid(8a6268d4e03383f49af7a2d8a420947f) Importer(2089858483,0ecaa5967403d082aa24f35e1b516d23)
Start importing Assets/Models/StructureObjects/Hilichurls Building/hilichurl-barricade.fbx using Guid(8a6268d4e03383f49af7a2d8a420947f) Importer(2089858483,0ecaa5967403d082aa24f35e1b516d23) Generated GUIDs only implemented for interfaces!
 -> (artifact id: '1ba2009758817260aad46be97f5f0203') in 0.026845 seconds
Number of updated asset objects reloaded before import = 0
Number of asset objects unloaded after import = 11
========================================================================
Received Import Request.
  Time since last request: 0.000019 seconds.
  path: Assets/Models/Characters/Sucrose/Avatar_Girl_Catalyst_Sucrose_Tex_Body_Diffuse.png
  artifactKey: Guid(0b7b01b28502b2341bfeb657625bf39f) Importer(2089858483,0ecaa5967403d082aa24f35e1b516d23)
Start importing Assets/Models/Characters/Sucrose/Avatar_Girl_Catalyst_Sucrose_Tex_Body_Diffuse.png using Guid(0b7b01b28502b2341bfeb657625bf39f) Importer(2089858483,0ecaa5967403d082aa24f35e1b516d23) Generated GUIDs only implemented for interfaces!
 -> (artifact id: '138f57bc9a1de7c72ba51fb2fc46d89f') in 0.022000 seconds
Number of updated asset objects reloaded before import = 0
Number of asset objects unloaded after import = 1
========================================================================
Received Import Request.
  Time since last request: 0.000019 seconds.
  path: Assets/Models/Nature/Trees/Birch/Stages_Birchtree01_01_Leaf_LSAB.png
  artifactKey: Guid(44a0d89fa29835547abcb826170fd1e8) Importer(2089858483,0ecaa5967403d082aa24f35e1b516d23)
Start importing Assets/Models/Nature/Trees/Birch/Stages_Birchtree01_01_Leaf_LSAB.png using Guid(44a0d89fa29835547abcb826170fd1e8) Importer(2089858483,0ecaa5967403d082aa24f35e1b516d23) Generated GUIDs only implemented for interfaces!
 -> (artifact id: 'caf063bca995a582b895cb2575a5e730') in 0.018150 seconds
Number of updated asset objects reloaded before import = 0
Number of asset objects unloaded after import = 1
========================================================================
Received Import Request.
  Time since last request: 0.000025 seconds.
  path: Assets/Resources/Prefabs/Level1/Carcass.prefab
  artifactKey: Guid(23fb5afe955353b4dbd55b204f08e270) Importer(2089858483,0ecaa5967403d082aa24f35e1b516d23)
Start importing Assets/Resources/Prefabs/Level1/Carcass.prefab using Guid(23fb5afe955353b4dbd55b204f08e270) Importer(2089858483,0ecaa5967403d082aa24f35e1b516d23) Generated GUIDs only implemented for interfaces!
 -> (artifact id: 'b444b6b5d42227f3bf299aab5dc11c8d') in 0.016270 seconds
Number of updated asset objects reloaded before import = 0
Number of asset objects unloaded after import = 64
========================================================================
Received Import Request.
  Time since last request: 0.000021 seconds.
  path: Assets/Resources/Prefabs/Level1/hilichurl-tower-alternate.prefab
  artifactKey: Guid(9fb7e9b723d3d724fa7c01ded05c1af9) Importer(2089858483,0ecaa5967403d082aa24f35e1b516d23)
Start importing Assets/Resources/Prefabs/Level1/hilichurl-tower-alternate.prefab using Guid(9fb7e9b723d3d724fa7c01ded05c1af9) Importer(2089858483,0ecaa5967403d082aa24f35e1b516d23) Generated GUIDs only implemented for interfaces!
 -> (artifact id: 'b9ac080a2327844c286abf416c6f1c24') in 0.016735 seconds
Number of updated asset objects reloaded before import = 0
Number of asset objects unloaded after import = 9
========================================================================
Received Import Request.
  Time since last request: 0.000026 seconds.
  path: Assets/Models/Enemies/Slimes/Materials/Monster_Slime_02_Water_Large_Tex_Diffuse.mat
  artifactKey: Guid(52e109851ca18b246948ce0f891d576b) Importer(2089858483,0ecaa5967403d082aa24f35e1b516d23)
Start importing Assets/Models/Enemies/Slimes/Materials/Monster_Slime_02_Water_Large_Tex_Diffuse.mat using Guid(52e109851ca18b246948ce0f891d576b) Importer(2089858483,0ecaa5967403d082aa24f35e1b516d23) Generated GUIDs only implemented for interfaces!
 -> (artifact id: 'fc9b8dec11e55efe7a02c3a56e7341de') in 0.013875 seconds
Number of updated asset objects reloaded before import = 0
Number of asset objects unloaded after import = 2
========================================================================
Received Import Request.
  Time since last request: 0.000017 seconds.
  path: Assets/Models/Nature/Trees/CyTree/Stages_Tree04_Bark_Normal.png
  artifactKey: Guid(0899f4127eec12540ae1d88abdc68caf) Importer(2089858483,0ecaa5967403d082aa24f35e1b516d23)
Start importing Assets/Models/Nature/Trees/CyTree/Stages_Tree04_Bark_Normal.png using Guid(0899f4127eec12540ae1d88abdc68caf) Importer(2089858483,0ecaa5967403d082aa24f35e1b516d23) Generated GUIDs only implemented for interfaces!
 -> (artifact id: '26d2ab09253eb2e99848776797968248') in 0.021504 seconds
Number of updated asset objects reloaded before import = 0
Number of asset objects unloaded after import = 1
========================================================================
Received Import Request.
  Time since last request: 0.000024 seconds.
  path: Assets/Resources/Prefabs/Level1/stone3.prefab
  artifactKey: Guid(405262717bd02c64586f2a3e34dd38b4) Importer(2089858483,0ecaa5967403d082aa24f35e1b516d23)
Start importing Assets/Resources/Prefabs/Level1/stone3.prefab using Guid(405262717bd02c64586f2a3e34dd38b4) Importer(2089858483,0ecaa5967403d082aa24f35e1b516d23) Generated GUIDs only implemented for interfaces!
 -> (artifact id: '607feb0290ef5d94a3c4b6cb56acc669') in 0.018574 seconds
Number of updated asset objects reloaded before import = 0
Number of asset objects unloaded after import = 9
========================================================================
Received Import Request.
  Time since last request: 0.000029 seconds.
  path: Assets/Models/StructureObjects/Stone/stone-8.fbx
  artifactKey: Guid(494d81db557acea479dbb643d1134e1c) Importer(2089858483,0ecaa5967403d082aa24f35e1b516d23)
Start importing Assets/Models/StructureObjects/Stone/stone-8.fbx using Guid(494d81db557acea479dbb643d1134e1c) Importer(2089858483,0ecaa5967403d082aa24f35e1b516d23) Generated GUIDs only implemented for interfaces!
 -> (artifact id: '806b97d09ffa0ca332ea6fff66170e1d') in 0.029581 seconds
Number of updated asset objects reloaded before import = 0
Number of asset objects unloaded after import = 9
========================================================================
Received Import Request.
  Time since last request: 0.000021 seconds.
  path: Assets/Models/StructureObjects/Hilichurls Building/textures/Area_Common_Build_Hili_House_01_Normal.png
  artifactKey: Guid(bee0a2487ba58ee46a61ef8d7cf8f656) Importer(2089858483,0ecaa5967403d082aa24f35e1b516d23)
Start importing Assets/Models/StructureObjects/Hilichurls Building/textures/Area_Common_Build_Hili_House_01_Normal.png using Guid(bee0a2487ba58ee46a61ef8d7cf8f656) Importer(2089858483,0ecaa5967403d082aa24f35e1b516d23) Generated GUIDs only implemented for interfaces!
 -> (artifact id: 'ff227a90812473493cc59b688e6e477d') in 0.022025 seconds
Number of updated asset objects reloaded before import = 0
Number of asset objects unloaded after import = 1
========================================================================
Received Import Request.
  Time since last request: 0.000038 seconds.
  path: Assets/Models/StructureObjects/Hilichurls Building/textures/Area_Common_Build_Hili_House_12_Normal.png
  artifactKey: Guid(02355131177db354283b3b1937a3e39f) Importer(2089858483,0ecaa5967403d082aa24f35e1b516d23)
Start importing Assets/Models/StructureObjects/Hilichurls Building/textures/Area_Common_Build_Hili_House_12_Normal.png using Guid(02355131177db354283b3b1937a3e39f) Importer(2089858483,0ecaa5967403d082aa24f35e1b516d23) Generated GUIDs only implemented for interfaces!
 -> (artifact id: '1a5cfc04ee6b134cd7fbea6a10dd59a7') in 0.018361 seconds
Number of updated asset objects reloaded before import = 0
Number of asset objects unloaded after import = 1
========================================================================
Received Import Request.
  Time since last request: 0.000022 seconds.
  path: Assets/Models/StructureObjects/Hilichurls Building/textures/Stages_Build_HiliSentryPost01_Diffuse.png
  artifactKey: Guid(3f4b115c152d8834f9c931a1b5eca576) Importer(2089858483,0ecaa5967403d082aa24f35e1b516d23)
Start importing Assets/Models/StructureObjects/Hilichurls Building/textures/Stages_Build_HiliSentryPost01_Diffuse.png using Guid(3f4b115c152d8834f9c931a1b5eca576) Importer(2089858483,0ecaa5967403d082aa24f35e1b516d23) Generated GUIDs only implemented for interfaces!
 -> (artifact id: '8e9413aadd7d95d9e074efbb402fec3c') in 0.017065 seconds
Number of updated asset objects reloaded before import = 0
Number of asset objects unloaded after import = 1
========================================================================
Received Import Request.
  Time since last request: 0.000018 seconds.
  path: Assets/Models/Nature/Trees/DqTree/DqTree(Clone).prefab
  artifactKey: Guid(025d1f5e381cbd54ab5a82c6b8b32fdd) Importer(2089858483,0ecaa5967403d082aa24f35e1b516d23)
Start importing Assets/Models/Nature/Trees/DqTree/DqTree(Clone).prefab using Guid(025d1f5e381cbd54ab5a82c6b8b32fdd) Importer(2089858483,0ecaa5967403d082aa24f35e1b516d23) Generated GUIDs only implemented for interfaces!
 -> (artifact id: 'eff0d1b508ff3121792f947e5553dcbf') in 0.005452 seconds
Number of updated asset objects reloaded before import = 0
Number of asset objects unloaded after import = 16
========================================================================
Received Import Request.
  Time since last request: 0.000016 seconds.
  path: Assets/Models/StructureObjects/Stone/textures/Area_Ly_Stone_CSPY_Full_L_01_Diffuse.png
  artifactKey: Guid(e37d34b66c0fa8342a8455b3c351960f) Importer(2089858483,0ecaa5967403d082aa24f35e1b516d23)
Start importing Assets/Models/StructureObjects/Stone/textures/Area_Ly_Stone_CSPY_Full_L_01_Diffuse.png using Guid(e37d34b66c0fa8342a8455b3c351960f) Importer(2089858483,0ecaa5967403d082aa24f35e1b516d23) Generated GUIDs only implemented for interfaces!
 -> (artifact id: 'a3e926321aaf658c73253f481798ca77') in 0.017336 seconds
Number of updated asset objects reloaded before import = 0
Number of asset objects unloaded after import = 1
========================================================================
Received Import Request.
  Time since last request: 0.000016 seconds.
  path: Assets/Models/StructureObjects/Stone/textures/Area_Ly_Stone_CSPY_Full_S_03_Diffuse.png
  artifactKey: Guid(3fe4abc5920a4d643960d40025f5aaf2) Importer(2089858483,0ecaa5967403d082aa24f35e1b516d23)
Start importing Assets/Models/StructureObjects/Stone/textures/Area_Ly_Stone_CSPY_Full_S_03_Diffuse.png using Guid(3fe4abc5920a4d643960d40025f5aaf2) Importer(2089858483,0ecaa5967403d082aa24f35e1b516d23) Generated GUIDs only implemented for interfaces!
 -> (artifact id: 'cf969953eac6574f8513d18f939d333b') in 0.015130 seconds
Number of updated asset objects reloaded before import = 0
Number of asset objects unloaded after import = 1
========================================================================
Received Import Request.
  Time since last request: 0.000021 seconds.
  path: Assets/Models/StructureObjects/Hilichurls Building/textures/Area_Common_Build_Hili_House_01_SMBE.png
  artifactKey: Guid(aab4c0299e385824585b7942d725a606) Importer(2089858483,0ecaa5967403d082aa24f35e1b516d23)
Start importing Assets/Models/StructureObjects/Hilichurls Building/textures/Area_Common_Build_Hili_House_01_SMBE.png using Guid(aab4c0299e385824585b7942d725a606) Importer(2089858483,0ecaa5967403d082aa24f35e1b516d23) Generated GUIDs only implemented for interfaces!
 -> (artifact id: '5db3a8240978be785e441d1e2ba997e2') in 0.020404 seconds
Number of updated asset objects reloaded before import = 0
Number of asset objects unloaded after import = 1
========================================================================
Received Import Request.
  Time since last request: 0.000016 seconds.
  path: Assets/Models/Nature/Trees/DqTreeHZD/Stages_Props_DeadWood_Diffuse.mat
  artifactKey: Guid(89e4dd54f8487254c96db0979b5c48f1) Importer(2089858483,0ecaa5967403d082aa24f35e1b516d23)
Start importing Assets/Models/Nature/Trees/DqTreeHZD/Stages_Props_DeadWood_Diffuse.mat using Guid(89e4dd54f8487254c96db0979b5c48f1) Importer(2089858483,0ecaa5967403d082aa24f35e1b516d23) Generated GUIDs only implemented for interfaces!
 -> (artifact id: '5ec5dd45032122e51eae3e0c9ed1367c') in 0.009352 seconds
Number of updated asset objects reloaded before import = 0
Number of asset objects unloaded after import = 2
========================================================================
Received Import Request.
  Time since last request: 0.000018 seconds.
  path: Assets/Models/StructureObjects/Hilichurls Building/textures/Area_Common_Build_Hili_House_02_Diffuse.png
  artifactKey: Guid(d03b7381be993d94da1d47786452e2b6) Importer(2089858483,0ecaa5967403d082aa24f35e1b516d23)
Start importing Assets/Models/StructureObjects/Hilichurls Building/textures/Area_Common_Build_Hili_House_02_Diffuse.png using Guid(d03b7381be993d94da1d47786452e2b6) Importer(2089858483,0ecaa5967403d082aa24f35e1b516d23) Generated GUIDs only implemented for interfaces!
 -> (artifact id: '0e5a031750bbfed1b7461f567a579774') in 0.016494 seconds
Number of updated asset objects reloaded before import = 0
Number of asset objects unloaded after import = 1
========================================================================
Received Import Request.
  Time since last request: 0.000070 seconds.
  path: Assets/Models/Nature/Trees/Maple/Stages_MapleGrass02_LSAB-blue.png
  artifactKey: Guid(ad7c418939af88146a03dd3295be0da9) Importer(2089858483,0ecaa5967403d082aa24f35e1b516d23)
Start importing Assets/Models/Nature/Trees/Maple/Stages_MapleGrass02_LSAB-blue.png using Guid(ad7c418939af88146a03dd3295be0da9) Importer(2089858483,0ecaa5967403d082aa24f35e1b516d23) Generated GUIDs only implemented for interfaces!
 -> (artifact id: 'd3e9ab5a298a5e971833f1f9012d75f8') in 0.019738 seconds
Number of updated asset objects reloaded before import = 0
Number of asset objects unloaded after import = 1
========================================================================
Received Import Request.
  Time since last request: 0.000018 seconds.
  path: Assets/Models/StructureObjects/Hilichurls Building/textures/Stages_Wood_Hili_House_03_Diffuse.png
  artifactKey: Guid(4c01039730304f94486a61bb4b2bc9b1) Importer(2089858483,0ecaa5967403d082aa24f35e1b516d23)
Start importing Assets/Models/StructureObjects/Hilichurls Building/textures/Stages_Wood_Hili_House_03_Diffuse.png using Guid(4c01039730304f94486a61bb4b2bc9b1) Importer(2089858483,0ecaa5967403d082aa24f35e1b516d23) Generated GUIDs only implemented for interfaces!
 -> (artifact id: '3f4fa0d95a722ad06a4a3626ecbb6195') in 0.017918 seconds
Number of updated asset objects reloaded before import = 0
Number of asset objects unloaded after import = 1
========================================================================
Received Import Request.
  Time since last request: 0.000037 seconds.
  path: Assets/Models/Nature/Trees/Maple/maple-tree.mat
  artifactKey: Guid(f606e817ff302db418c9d9587644171a) Importer(2089858483,0ecaa5967403d082aa24f35e1b516d23)
Start importing Assets/Models/Nature/Trees/Maple/maple-tree.mat using Guid(f606e817ff302db418c9d9587644171a) Importer(2089858483,0ecaa5967403d082aa24f35e1b516d23) Generated GUIDs only implemented for interfaces!
 -> (artifact id: 'c20b9ae0120d5c988df5c554be4438ec') in 0.006086 seconds
Number of updated asset objects reloaded before import = 0
Number of asset objects unloaded after import = 2
========================================================================
Received Import Request.
  Time since last request: 0.000021 seconds.
  path: Assets/Models/Nature/Trees/DqTreeHZD/Materials/Stages_Props_DeadWood_Diffuse.mat
  artifactKey: Guid(0b20d27b2c4b407459e93317bc1008be) Importer(2089858483,0ecaa5967403d082aa24f35e1b516d23)
Start importing Assets/Models/Nature/Trees/DqTreeHZD/Materials/Stages_Props_DeadWood_Diffuse.mat using Guid(0b20d27b2c4b407459e93317bc1008be) Importer(2089858483,0ecaa5967403d082aa24f35e1b516d23) Generated GUIDs only implemented for interfaces!
 -> (artifact id: 'a237545595f30cf7d96af3e687aca3bf') in 0.009671 seconds
Number of updated asset objects reloaded before import = 0
Number of asset objects unloaded after import = 3
========================================================================
Received Import Request.
  Time since last request: 0.000018 seconds.
  path: Assets/Models/StructureObjects/Hilichurls Building/textures/Area_Common_Build_Hili_House_Pillar_01_T2_SMBE.png
  artifactKey: Guid(fb2eac36667f73543972dce3eced260f) Importer(2089858483,0ecaa5967403d082aa24f35e1b516d23)
Start importing Assets/Models/StructureObjects/Hilichurls Building/textures/Area_Common_Build_Hili_House_Pillar_01_T2_SMBE.png using Guid(fb2eac36667f73543972dce3eced260f) Importer(2089858483,0ecaa5967403d082aa24f35e1b516d23) Generated GUIDs only implemented for interfaces!
 -> (artifact id: '63167057d0cc4f618829e451151bca7a') in 0.023997 seconds
Number of updated asset objects reloaded before import = 0
Number of asset objects unloaded after import = 1
========================================================================
Received Import Request.
  Time since last request: 0.000016 seconds.
  path: Assets/Models/Nature/Trees/DqTree/DqTree.fbx
  artifactKey: Guid(a87d283c4ccee6a4eb206cb929854aa4) Importer(2089858483,0ecaa5967403d082aa24f35e1b516d23)
Start importing Assets/Models/Nature/Trees/DqTree/DqTree.fbx using Guid(a87d283c4ccee6a4eb206cb929854aa4) Importer(2089858483,0ecaa5967403d082aa24f35e1b516d23) Generated GUIDs only implemented for interfaces!
 -> (artifact id: '50a5daa086cfec14abdcd65ab616daac') in 0.014146 seconds
Number of updated asset objects reloaded before import = 0
Number of asset objects unloaded after import = 16
========================================================================
Received Import Request.
  Time since last request: 0.000023 seconds.
  path: Assets/Models/StructureObjects/Hilichurls Building/textures/Area_MdBuild_SdWall02_Normal.png
  artifactKey: Guid(b199c10b24705ed47ab333e4738ad61a) Importer(2089858483,0ecaa5967403d082aa24f35e1b516d23)
Start importing Assets/Models/StructureObjects/Hilichurls Building/textures/Area_MdBuild_SdWall02_Normal.png using Guid(b199c10b24705ed47ab333e4738ad61a) Importer(2089858483,0ecaa5967403d082aa24f35e1b516d23) Generated GUIDs only implemented for interfaces!
 -> (artifact id: '66fda0c85cf0fbed278e4df3aa3b2017') in 0.017082 seconds
Number of updated asset objects reloaded before import = 0
Number of asset objects unloaded after import = 1
========================================================================
Received Import Request.
  Time since last request: 0.000037 seconds.
  path: Assets/Models/StructureObjects/Hilichurls Building/textures/Area_MdBuild_SdWall02_Diffuse.png
  artifactKey: Guid(5d532f0314d240e4e88f118da00a5b6f) Importer(2089858483,0ecaa5967403d082aa24f35e1b516d23)
Start importing Assets/Models/StructureObjects/Hilichurls Building/textures/Area_MdBuild_SdWall02_Diffuse.png using Guid(5d532f0314d240e4e88f118da00a5b6f) Importer(2089858483,0ecaa5967403d082aa24f35e1b516d23) Generated GUIDs only implemented for interfaces!
 -> (artifact id: '739e13f5168cdfa735376273724270ca') in 0.016806 seconds
Number of updated asset objects reloaded before import = 0
Number of asset objects unloaded after import = 1
========================================================================
Received Import Request.
  Time since last request: 0.000101 seconds.
  path: Assets/Models/Nature/Trees/DqTree/Materials/Area_Dq_Tree_Common_Ls_06_Bark_Diffuse.mat
  artifactKey: Guid(88d72b9817af8cb40a1346dc4fa31ada) Importer(2089858483,0ecaa5967403d082aa24f35e1b516d23)
Start importing Assets/Models/Nature/Trees/DqTree/Materials/Area_Dq_Tree_Common_Ls_06_Bark_Diffuse.mat using Guid(88d72b9817af8cb40a1346dc4fa31ada) Importer(2089858483,0ecaa5967403d082aa24f35e1b516d23) Generated GUIDs only implemented for interfaces!
 -> (artifact id: 'b2cf60d16d476b52bdc03a0390a1c54e') in 0.008804 seconds
Number of updated asset objects reloaded before import = 0
Number of asset objects unloaded after import = 3
========================================================================
Received Import Request.
  Time since last request: 0.000023 seconds.
  path: Assets/Models/StructureObjects/Stone/textures/Area_Ly_Stone_CSPY_Full_L_03_Diffuse.png
  artifactKey: Guid(f30f9e88a3f627241a1805c3acfd0965) Importer(2089858483,0ecaa5967403d082aa24f35e1b516d23)
Start importing Assets/Models/StructureObjects/Stone/textures/Area_Ly_Stone_CSPY_Full_L_03_Diffuse.png using Guid(f30f9e88a3f627241a1805c3acfd0965) Importer(2089858483,0ecaa5967403d082aa24f35e1b516d23) Generated GUIDs only implemented for interfaces!
 -> (artifact id: '093ad4d5631e2865a7bed5713b75ca3c') in 0.021143 seconds
Number of updated asset objects reloaded before import = 0
Number of asset objects unloaded after import = 1
========================================================================
Received Import Request.
  Time since last request: 0.000034 seconds.
  path: Assets/Models/Nature/Trees/CyTree/Materials/Stages_Tree04_Bark_Diffuse.mat
  artifactKey: Guid(18454607825a1a34291d1b247ccb4576) Importer(2089858483,0ecaa5967403d082aa24f35e1b516d23)
Start importing Assets/Models/Nature/Trees/CyTree/Materials/Stages_Tree04_Bark_Diffuse.mat using Guid(18454607825a1a34291d1b247ccb4576) Importer(2089858483,0ecaa5967403d082aa24f35e1b516d23) Generated GUIDs only implemented for interfaces!
 -> (artifact id: '8ee8be9c6db8f7bb8553875398cb5974') in 0.007231 seconds
Number of updated asset objects reloaded before import = 0
Number of asset objects unloaded after import = 3
========================================================================
Received Import Request.
  Time since last request: 0.000015 seconds.
  path: Assets/TextMesh Pro/Resources/Fonts & Materials/LiberationSans SDF - Fallback.asset
  artifactKey: Guid(2e498d1c8094910479dc3e1b768306a4) Importer(2089858483,0ecaa5967403d082aa24f35e1b516d23)
Start importing Assets/TextMesh Pro/Resources/Fonts & Materials/LiberationSans SDF - Fallback.asset using Guid(2e498d1c8094910479dc3e1b768306a4) Importer(2089858483,0ecaa5967403d082aa24f35e1b516d23) Generated GUIDs only implemented for interfaces!
 -> (artifact id: '1110c11636de06835233836d75904ad7') in 0.024392 seconds
Number of updated asset objects reloaded before import = 0
Number of asset objects unloaded after import = 5
========================================================================
Received Import Request.
  Time since last request: 0.000017 seconds.
  path: Assets/Models/Nature/Trees/DqPlant/Area_Dq_Tree_Common_Ls_06_Bark_SMBE.png
  artifactKey: Guid(8ae19337c3375de48aae54b36dc99d32) Importer(2089858483,0ecaa5967403d082aa24f35e1b516d23)
Start importing Assets/Models/Nature/Trees/DqPlant/Area_Dq_Tree_Common_Ls_06_Bark_SMBE.png using Guid(8ae19337c3375de48aae54b36dc99d32) Importer(2089858483,0ecaa5967403d082aa24f35e1b516d23) Generated GUIDs only implemented for interfaces!
 -> (artifact id: '94693af01678dee661741f362448f728') in 0.021190 seconds
Number of updated asset objects reloaded before import = 0
Number of asset objects unloaded after import = 1
========================================================================
Received Import Request.
  Time since last request: 0.000022 seconds.
  path: Assets/Models/Button.prefab
  artifactKey: Guid(208a44f9eaf5d104996b1cca3e36fa0f) Importer(2089858483,0ecaa5967403d082aa24f35e1b516d23)
Start importing Assets/Models/Button.prefab using Guid(208a44f9eaf5d104996b1cca3e36fa0f) Importer(2089858483,0ecaa5967403d082aa24f35e1b516d23) Generated GUIDs only implemented for interfaces!
 -> (artifact id: '510632ef0bdf8de7a470ab65a7e4628e') in 0.036221 seconds
Number of updated asset objects reloaded before import = 0
Number of asset objects unloaded after import = 27
========================================================================
Received Import Request.
  Time since last request: 0.000037 seconds.
  path: Assets/Models/StructureObjects/Stone/textures/Area_Ly_Stone_CSPY_Full_L_05_Diffuse.png
  artifactKey: Guid(8a4398cad07b2714a81ac203d4adb20b) Importer(2089858483,0ecaa5967403d082aa24f35e1b516d23)
Start importing Assets/Models/StructureObjects/Stone/textures/Area_Ly_Stone_CSPY_Full_L_05_Diffuse.png using Guid(8a4398cad07b2714a81ac203d4adb20b) Importer(2089858483,0ecaa5967403d082aa24f35e1b516d23) Generated GUIDs only implemented for interfaces!
 -> (artifact id: '3487d32356018aaa1ba64b33c34faa0c') in 0.019271 seconds
Number of updated asset objects reloaded before import = 0
Number of asset objects unloaded after import = 1
========================================================================
Received Import Request.
  Time since last request: 0.000024 seconds.
  path: Assets/Models/Characters/Barbara/Avatar_Girl_Tex_FaceLightmap.png
  artifactKey: Guid(b1aec8f3109389845a8cd4e0047afb26) Importer(2089858483,0ecaa5967403d082aa24f35e1b516d23)
Start importing Assets/Models/Characters/Barbara/Avatar_Girl_Tex_FaceLightmap.png using Guid(b1aec8f3109389845a8cd4e0047afb26) Importer(2089858483,0ecaa5967403d082aa24f35e1b516d23) Generated GUIDs only implemented for interfaces!
 -> (artifact id: '0155ebff701687299eb26c61290bbea8') in 0.014839 seconds
Number of updated asset objects reloaded before import = 0
Number of asset objects unloaded after import = 1
========================================================================
Received Import Request.
  Time since last request: 0.000017 seconds.
  path: Assets/Models/Enemies/Hili Electric/Monster_Hili_02_Electric_Tex_Diffuse.png
  artifactKey: Guid(42a5dc681b4767e41b34395cc98eb998) Importer(2089858483,0ecaa5967403d082aa24f35e1b516d23)
Start importing Assets/Models/Enemies/Hili Electric/Monster_Hili_02_Electric_Tex_Diffuse.png using Guid(42a5dc681b4767e41b34395cc98eb998) Importer(2089858483,0ecaa5967403d082aa24f35e1b516d23) Generated GUIDs only implemented for interfaces!
 -> (artifact id: '6d28865bbe1a68de92a059d51a72333b') in 0.022195 seconds
Number of updated asset objects reloaded before import = 0
Number of asset objects unloaded after import = 1
========================================================================
Received Import Request.
  Time since last request: 0.000029 seconds.
  path: Assets/Models/Characters/Barbara/Avatar_Tex_MetalMap.png
  artifactKey: Guid(9f5a4c42307d5c44b8cfca7114f1d2c7) Importer(2089858483,0ecaa5967403d082aa24f35e1b516d23)
Start importing Assets/Models/Characters/Barbara/Avatar_Tex_MetalMap.png using Guid(9f5a4c42307d5c44b8cfca7114f1d2c7) Importer(2089858483,0ecaa5967403d082aa24f35e1b516d23) Generated GUIDs only implemented for interfaces!
 -> (artifact id: 'abaeb2f5ed470cc86457e25f8d2db4b1') in 0.015013 seconds
Number of updated asset objects reloaded before import = 0
Number of asset objects unloaded after import = 1
========================================================================
Received Import Request.
  Time since last request: 0.000063 seconds.
  path: Assets/TextMesh Pro/Fonts/LiberationSans - OFL.txt
  artifactKey: Guid(6e59c59b81ab47f9b6ec5781fa725d2c) Importer(2089858483,0ecaa5967403d082aa24f35e1b516d23)
Start importing Assets/TextMesh Pro/Fonts/LiberationSans - OFL.txt using Guid(6e59c59b81ab47f9b6ec5781fa725d2c) Importer(2089858483,0ecaa5967403d082aa24f35e1b516d23) Generated GUIDs only implemented for interfaces!
 -> (artifact id: '4aa37224ebaf37e17634424d5d371fac') in 0.003598 seconds
Number of updated asset objects reloaded before import = 0
Number of asset objects unloaded after import = 1
========================================================================
Received Import Request.
  Time since last request: 0.000018 seconds.
  path: Assets/Models/Nature/Trees/Maple/Stages_MapleGrass02_LSAB-light.png
  artifactKey: Guid(f86cf5078d7ea6d4f879dc86c14b81a8) Importer(2089858483,0ecaa5967403d082aa24f35e1b516d23)
Start importing Assets/Models/Nature/Trees/Maple/Stages_MapleGrass02_LSAB-light.png using Guid(f86cf5078d7ea6d4f879dc86c14b81a8) Importer(2089858483,0ecaa5967403d082aa24f35e1b516d23) Generated GUIDs only implemented for interfaces!
 -> (artifact id: 'a2c1923e9d4cd6e8de91fd0a9508cd12') in 0.016732 seconds
Number of updated asset objects reloaded before import = 0
Number of asset objects unloaded after import = 1
========================================================================
Received Import Request.
  Time since last request: 0.000031 seconds.
  path: Assets/Models/StructureObjects/Hilichurls Building/Arena/textures/Stages_Build_HiliHouse01_Normal.png
  artifactKey: Guid(be83935205dc7d74a9e1a0cb0cb08f6a) Importer(2089858483,0ecaa5967403d082aa24f35e1b516d23)
Start importing Assets/Models/StructureObjects/Hilichurls Building/Arena/textures/Stages_Build_HiliHouse01_Normal.png using Guid(be83935205dc7d74a9e1a0cb0cb08f6a) Importer(2089858483,0ecaa5967403d082aa24f35e1b516d23) Generated GUIDs only implemented for interfaces!
 -> (artifact id: '22b57151c5418ffda9b43fa3a2e3d99c') in 0.020248 seconds
Number of updated asset objects reloaded before import = 0
Number of asset objects unloaded after import = 1
========================================================================
Received Import Request.
  Time since last request: 0.000017 seconds.
  path: Assets/Models/StructureObjects/Hilichurls Building/Arena/textures/Stages_Build_HiliSentryPost01_Normal.png
  artifactKey: Guid(20d34f6d3570be145b2009b8ab2b13f3) Importer(2089858483,0ecaa5967403d082aa24f35e1b516d23)
Start importing Assets/Models/StructureObjects/Hilichurls Building/Arena/textures/Stages_Build_HiliSentryPost01_Normal.png using Guid(20d34f6d3570be145b2009b8ab2b13f3) Importer(2089858483,0ecaa5967403d082aa24f35e1b516d23) Generated GUIDs only implemented for interfaces!
 -> (artifact id: 'bae117cd3987415e916a803002fffa64') in 0.016255 seconds
Number of updated asset objects reloaded before import = 0
Number of asset objects unloaded after import = 1
========================================================================
Received Import Request.
  Time since last request: 0.000022 seconds.
  path: Assets/Models/StructureObjects/Hilichurls Building/Arena/textures/Stages_Build_HiliHouse01_SMBE.png
  artifactKey: Guid(531bd7911fe950c4f9237abb9ed96029) Importer(2089858483,0ecaa5967403d082aa24f35e1b516d23)
Start importing Assets/Models/StructureObjects/Hilichurls Building/Arena/textures/Stages_Build_HiliHouse01_SMBE.png using Guid(531bd7911fe950c4f9237abb9ed96029) Importer(2089858483,0ecaa5967403d082aa24f35e1b516d23) Generated GUIDs only implemented for interfaces!
 -> (artifact id: '27f8cccdab5baef6a91e21921898d08b') in 0.018159 seconds
Number of updated asset objects reloaded before import = 0
Number of asset objects unloaded after import = 1
========================================================================
Received Import Request.
  Time since last request: 0.000018 seconds.
  path: Assets/Models/Characters/Barbara/Avatar_Girl_Catalyst_Barbara_Tex_Hair_Lightmap.png
  artifactKey: Guid(8a2a834b344b99a46b89b9ed54dca88a) Importer(2089858483,0ecaa5967403d082aa24f35e1b516d23)
Start importing Assets/Models/Characters/Barbara/Avatar_Girl_Catalyst_Barbara_Tex_Hair_Lightmap.png using Guid(8a2a834b344b99a46b89b9ed54dca88a) Importer(2089858483,0ecaa5967403d082aa24f35e1b516d23) Generated GUIDs only implemented for interfaces!
 -> (artifact id: 'c504fbd354fb65cf5a4138dc0cc1dcad') in 0.021278 seconds
Number of updated asset objects reloaded before import = 0
Number of asset objects unloaded after import = 1
========================================================================
Received Prepare
Begin MonoManager ReloadAssembly
Symbol file LoadedFromMemory doesn't match image D:\Project\Unity\MapCreator\My project (1)\Library\PackageCache\com.unity.visualscripting@1.8.0\Editor\VisualScripting.Core\Dependencies\YamlDotNet\Unity.VisualScripting.YamlDotNet.dll
Symbol file LoadedFromMemory doesn't match image D:\Project\Unity\MapCreator\My project (1)\Library\PackageCache\com.unity.visualscripting@1.8.0\Editor\VisualScripting.Core\Dependencies\DotNetZip\Unity.VisualScripting.IonicZip.dll
Symbol file LoadedFromMemory is not a mono symbol file
- Loaded All Assemblies, in  0.455 seconds
Refreshing native plugins compatible for Editor in 2.61 ms, found 3 plugins.
Native extension for WindowsStandalone target not found
Native extension for WebGL target not found
Mono: successfully reloaded assembly
- Finished resetting the current domain, in  0.809 seconds
Domain Reload Profiling: 1264ms
	BeginReloadAssembly (173ms)
		ExecutionOrderSort (0ms)
		DisableScriptedObjects (6ms)
		BackupInstance (0ms)
		ReleaseScriptingObjects (0ms)
		CreateAndSetChildDomain (45ms)
	RebuildCommonClasses (36ms)
	RebuildNativeTypeToScriptingClass (10ms)
	initialDomainReloadingComplete (24ms)
	LoadAllAssembliesAndSetupDomain (212ms)
		LoadAssemblies (296ms)
		RebuildTransferFunctionScriptingTraits (0ms)
		AnalyzeDomain (10ms)
			TypeCache.Refresh (5ms)
				TypeCache.ScanAssembly (0ms)
			ScanForSourceGeneratedMonoScriptInfo (0ms)
			ResolveRequiredComponents (4ms)
	FinalizeReload (810ms)
		ReleaseScriptCaches (0ms)
		RebuildScriptCaches (0ms)
		SetupLoadedEditorAssemblies (343ms)
			LogAssemblyErrors (0ms)
			InitializePlatformSupportModulesInManaged (5ms)
			SetLoadedEditorAssemblies (5ms)
			RefreshPlugins (0ms)
			BeforeProcessingInitializeOnLoad (54ms)
			ProcessInitializeOnLoadAttributes (250ms)
			ProcessInitializeOnLoadMethodAttributes (26ms)
			AfterProcessingInitializeOnLoad (2ms)
			EditorAssembliesLoaded (0ms)
		ExecutionOrderSort2 (0ms)
		AwakeInstancesAfterBackupRestoration (7ms)
Refreshing native plugins compatible for Editor in 3.03 ms, found 3 plugins.
Preloading 0 native plugins for Editor in 0.00 ms.
Unloading 3070 Unused Serialized files (Serialized files now loaded: 0)
Unloading 25 unused Assets / (32.4 KB). Loaded Objects now: 3557.
Memory consumption went from 114.4 MB to 114.4 MB.
Total: 3.477800 ms (FindLiveObjects: 0.315000 ms CreateObjectMapping: 0.241000 ms MarkObjects: 2.859000 ms  DeleteObjects: 0.061800 ms)

Prepare: number of updated asset objects reloaded= 0
AssetImportParameters requested are different than current active one (requested -> active):
  custom:container-demuxer-ogg: 62fdf1f143b41e24485cea50d1cbac27 -> 
  custom:video-codec-MediaFoundation-h265: 746d11721c4dcdbdad8f713fa42b33f4 -> 
  custom:video-decoder-ogg-theora: a1e56fd34408186e4bbccfd4996cb3dc -> 
  custom:framework-win-MediaFoundation: 216162199b28c13a410421893ffa2e32 -> 
  custom:CustomObjectIndexerAttribute: 756ad292c208cfabdd7b50bc23989ffe -> 
  custom:container-demuxer-webm: 4f35f7cbe854078d1ac9338744f61a02 -> 
  custom:container-muxer-webm: aa71ff27fc2769a1b78a27578f13a17b -> 
  custom:video-decoder-webm-vp8: 9c59270c3fd7afecdb556c50c9e8de78 -> 
  custom:SearchIndexIgnoredProperties: e643bd26f0fe6173181afceb89e7c659 -> 
  custom:AudioImporter_EditorPlatform: d09bf68614088b80899f8185d706f6e7 -> 
  custom:video-encoder-webm-vp8: eb34c28f22e8b96e1ab97ce403110664 -> 
  custom:audio-decoder-ogg-vorbis: bf7c407c2cedff20999df2af8eb42d56 -> 
  custom:audio-encoder-webm-vorbis: bf7c407c2cedff20999df2af8eb42d56 -> 
Editor requested this worker to shutdown with reason: Scaling down because of idle timeout
TcpMessagingSession - receive error
AssetImportWorkerClient::OnTransportError - code=2 error=End of file
AssetImportWorker is now disconnected from the server
Process exiting
Exiting without the bug reporter. Application will terminate with return code 0